number,value,datetime_start,datetime_complete,duration,params_clip_range,params_ent_coef,params_gae_lambda,params_gamma,params_learning_rate,params_n_epochs,system_attrs_tpe:relative_params:0,state
0,,2026-10-05 13:29:19.802908,,,0.15,0.00020511104188433984,0.95,0.98,6.10531579364088e-05,8,,RUNNING
1,10.071066051773748,2026-10-05 13:32:46.964617,2026-10-05 14:48:16.918970,0 days 01:15:29.954353,0.15,0.00020511104188433984,0.95,0.98,6.10531579364088e-05,8,,COMPLETE
2,,2026-10-05 14:48:16.980079,2026-10-05 14:56:54.761850,0 days 00:08:37.781771,0.15,0.0004059611610484307,0.92,0.98,0.00018890282808631316,7,,FAIL
3,7.641300298049358,2026-10-05 14:57:10.482503,2026-10-05 15:53:25.808246,0 days 00:56:15.325743,0.15,0.00020511104188433984,0.95,0.98,6.10531579364088e-05,8,,COMPLETE
4,6.1710690174487945,2026-10-05 15:53:25.834271,2026-10-05 16:48:24.775611,0 days 00:54:58.941340,0.15,0.0004059611610484307,0.92,0.98,0.00018890282808631316,7,,COMPLETE
5,12.592153617560406,2026-10-05 16:48:24.789488,2026-10-05 17:40:58.762819,0 days 00:52:33.973331,0.2,0.0010677482709481358,0.98,0.98,5.2218186410256e-05,5,,PRUNED
6,7.9258877202184195,2026-10-05 17:40:58.778623,2026-10-05 18:33:54.255066,0 days 00:52:55.476443,0.15,0.0023359635026261607,0.98,0.99,0.0001815165978539009,8,,PRUNED
7,9.802591417770227,2026-10-05 18:33:54.270936,2026-10-05 19:26:29.731257,0 days 00:52:35.460321,0.25,0.00023426581058204064,0.92,0.98,4.901537657047013e-05,6,,PRUNED
8,12.23696512203969,2026-10-05 19:26:29.747159,2026-10-05 20:19:14.318172,0 days 00:52:44.571013,0.25,0.0005989003672254305,0.95,0.99,0.00017244932349602237,3,,PRUNED
9,6.756160589710964,2026-10-05 20:19:14.327949,2026-10-05 20:50:45.658640,0 days 00:31:31.330691,0.2,0.00024970737145052745,0.95,0.99,3.919493562523031e-05,7,,PRUNED
10,9.896019260640289,2026-10-05 20:50:45.670679,2026-10-05 21:43:42.016149,0 days 00:52:56.345470,0.2,0.0004589824181495653,0.98,0.98,3.452449148313688e-05,5,,PRUNED
11,11.965926319326973,2026-10-05 21:43:42.035161,2026-10-05 22:36:08.959900,0 days 00:52:26.924739,0.25,0.0013260331922696556,0.92,0.98,0.00016147436613606956,5,,PRUNED
12,10.034523518120581,2026-10-05 22:36:08.969933,2026-10-05 23:31:47.930765,0 days 00:55:38.960832,0.15,0.005169051895585277,0.95,0.99,7.225238447965143e-05,5,"{""clip_range"": 0.15, ""ent_coef"": 0.005169051895585277, ""gae_lambda"": 0.95, ""gamma"": 0.99, ""learning_rate"": 7.225238447965143e-05, ""n_epochs"": 5}",PRUNED
